<?xml version="1.0" encoding="UTF-8"?>
<coverage generated="1590260179872" clover="3.2.0">
  <project timestamp="1590260179872" name="All files">
    <metrics statements="70" coveredstatements="58" conditionals="37" coveredconditionals="29" methods="24" coveredmethods="18" elements="131" coveredelements="105" complexity="0" loc="70" ncloc="70" packages="1" files="1" classes="1"/>
    <file name="jessica.js" path="/home/nonsensetwice/jessica/jessica.js">
      <metrics statements="70" coveredstatements="58" conditionals="37" coveredconditionals="29" methods="24" coveredmethods="18"/>
      <line num="1" count="1" type="stmt"/>
      <line num="4" count="21" type="cond" truecount="0" falsecount="1"/>
      <line num="5" count="1" type="cond" truecount="1" falsecount="0"/>
      <line num="6" count="3" type="stmt"/>
      <line num="9" count="1" type="stmt"/>
      <line num="10" count="2" type="cond" truecount="1" falsecount="1"/>
      <line num="13" count="1" type="cond" truecount="1" falsecount="0"/>
      <line num="14" count="6" type="stmt"/>
      <line num="15" count="6" type="cond" truecount="1" falsecount="1"/>
      <line num="16" count="6" type="cond" truecount="0" falsecount="2"/>
      <line num="17" count="6" type="stmt"/>
      <line num="19" count="6" type="stmt"/>
      <line num="22" count="1" type="stmt"/>
      <line num="23" count="18" type="cond" truecount="4" falsecount="0"/>
      <line num="24" count="3" type="stmt"/>
      <line num="29" count="15" type="stmt"/>
      <line num="30" count="13" type="stmt"/>
      <line num="31" count="13" type="stmt"/>
      <line num="34" count="15" type="stmt"/>
      <line num="35" count="7" type="stmt"/>
      <line num="36" count="6" type="cond" truecount="2" falsecount="0"/>
      <line num="39" count="15" type="cond" truecount="1" falsecount="1"/>
      <line num="41" count="15" type="stmt"/>
      <line num="42" count="15" type="stmt"/>
      <line num="43" count="15" type="cond" truecount="2" falsecount="0"/>
      <line num="44" count="13" type="stmt"/>
      <line num="45" count="13" type="stmt"/>
      <line num="46" count="10" type="stmt"/>
      <line num="47" count="6" type="cond" truecount="2" falsecount="0"/>
      <line num="49" count="7" type="stmt"/>
      <line num="52" count="2" type="stmt"/>
      <line num="53" count="2" type="stmt"/>
      <line num="55" count="1" type="stmt"/>
      <line num="59" count="15" type="cond" truecount="1" falsecount="1"/>
      <line num="60" count="0" type="stmt"/>
      <line num="63" count="15" type="stmt"/>
      <line num="64" count="18" type="stmt"/>
      <line num="65" count="15" type="stmt"/>
      <line num="67" count="15" type="stmt"/>
      <line num="68" count="6" type="stmt"/>
      <line num="69" count="6" type="stmt"/>
      <line num="70" count="6" type="stmt"/>
      <line num="72" count="0" type="stmt"/>
      <line num="74" count="6" type="stmt"/>
      <line num="77" count="15" type="cond" truecount="2" falsecount="0"/>
      <line num="78" count="6" type="stmt"/>
      <line num="79" count="2" type="stmt"/>
      <line num="80" count="2" type="cond" truecount="1" falsecount="1"/>
      <line num="81" count="2" type="stmt"/>
      <line num="82" count="2" type="stmt"/>
      <line num="85" count="0" type="stmt"/>
      <line num="86" count="0" type="stmt"/>
      <line num="87" count="0" type="stmt"/>
      <line num="89" count="0" type="stmt"/>
      <line num="90" count="0" type="stmt"/>
      <line num="92" count="0" type="stmt"/>
      <line num="93" count="0" type="stmt"/>
      <line num="94" count="0" type="stmt"/>
      <line num="96" count="0" type="stmt"/>
      <line num="98" count="0" type="stmt"/>
      <line num="102" count="6" type="cond" truecount="2" falsecount="0"/>
      <line num="104" count="6" type="stmt"/>
      <line num="106" count="6" type="stmt"/>
      <line num="109" count="6" type="cond" truecount="2" falsecount="0"/>
      <line num="111" count="9" type="stmt"/>
      <line num="114" count="15" type="cond" truecount="2" falsecount="0"/>
      <line num="115" count="3" type="cond" truecount="4" falsecount="0"/>
      <line num="116" count="3" type="stmt"/>
      <line num="118" count="12" type="stmt"/>
      <line num="119" count="12" type="stmt"/>
    </file>
  </project>
</coverage>
