<?xml version="1.0" encoding="UTF-8"?>
<coverage generated="1590219163208" clover="3.2.0">
  <project timestamp="1590219163208" name="All files">
    <metrics statements="70" coveredstatements="58" conditionals="37" coveredconditionals="29" methods="24" coveredmethods="18" elements="131" coveredelements="105" complexity="0" loc="70" ncloc="70" packages="1" files="1" classes="1"/>
    <file name="jessica.js" path="/home/nonsensetwice/jessica/jessica.js">
      <metrics statements="70" coveredstatements="58" conditionals="37" coveredconditionals="29" methods="24" coveredmethods="18"/>
      <line num="1" count="1" type="stmt"/>
      <line num="4" count="21" type="cond" truecount="0" falsecount="1"/>
      <line num="5" count="1" type="cond" truecount="1" falsecount="0"/>
      <line num="6" count="3" type="stmt"/>
      <line num="9" count="2" type="cond" truecount="1" falsecount="1"/>
      <line num="10" count="1" type="cond" truecount="1" falsecount="0"/>
      <line num="11" count="6" type="stmt"/>
      <line num="12" count="6" type="cond" truecount="1" falsecount="1"/>
      <line num="13" count="6" type="cond" truecount="0" falsecount="2"/>
      <line num="14" count="6" type="stmt"/>
      <line num="16" count="6" type="stmt"/>
      <line num="19" count="1" type="stmt"/>
      <line num="20" count="18" type="cond" truecount="4" falsecount="0"/>
      <line num="21" count="3" type="stmt"/>
      <line num="27" count="15" type="stmt"/>
      <line num="28" count="13" type="stmt"/>
      <line num="29" count="13" type="stmt"/>
      <line num="32" count="15" type="stmt"/>
      <line num="33" count="9" type="stmt"/>
      <line num="34" count="6" type="cond" truecount="2" falsecount="0"/>
      <line num="37" count="15" type="cond" truecount="1" falsecount="1"/>
      <line num="39" count="15" type="stmt"/>
      <line num="40" count="15" type="stmt"/>
      <line num="41" count="15" type="cond" truecount="2" falsecount="0"/>
      <line num="42" count="13" type="stmt"/>
      <line num="43" count="13" type="stmt"/>
      <line num="44" count="10" type="stmt"/>
      <line num="45" count="4" type="cond" truecount="2" falsecount="0"/>
      <line num="47" count="9" type="stmt"/>
      <line num="50" count="2" type="stmt"/>
      <line num="51" count="2" type="stmt"/>
      <line num="53" count="1" type="stmt"/>
      <line num="56" count="15" type="cond" truecount="1" falsecount="1"/>
      <line num="57" count="0" type="stmt"/>
      <line num="60" count="15" type="stmt"/>
      <line num="61" count="18" type="stmt"/>
      <line num="62" count="15" type="stmt"/>
      <line num="64" count="15" type="stmt"/>
      <line num="65" count="6" type="stmt"/>
      <line num="66" count="6" type="stmt"/>
      <line num="67" count="6" type="stmt"/>
      <line num="68" count="6" type="stmt"/>
      <line num="71" count="0" type="stmt"/>
      <line num="73" count="6" type="stmt"/>
      <line num="76" count="15" type="cond" truecount="2" falsecount="0"/>
      <line num="77" count="6" type="stmt"/>
      <line num="78" count="2" type="stmt"/>
      <line num="79" count="2" type="cond" truecount="1" falsecount="1"/>
      <line num="80" count="2" type="stmt"/>
      <line num="81" count="2" type="stmt"/>
      <line num="84" count="0" type="stmt"/>
      <line num="85" count="0" type="stmt"/>
      <line num="86" count="0" type="stmt"/>
      <line num="88" count="0" type="stmt"/>
      <line num="89" count="0" type="stmt"/>
      <line num="91" count="0" type="stmt"/>
      <line num="92" count="0" type="stmt"/>
      <line num="93" count="0" type="stmt"/>
      <line num="95" count="0" type="stmt"/>
      <line num="97" count="0" type="stmt"/>
      <line num="101" count="6" type="cond" truecount="2" falsecount="0"/>
      <line num="102" count="6" type="stmt"/>
      <line num="103" count="6" type="stmt"/>
      <line num="105" count="6" type="cond" truecount="2" falsecount="0"/>
      <line num="107" count="9" type="stmt"/>
      <line num="110" count="15" type="cond" truecount="2" falsecount="0"/>
      <line num="111" count="3" type="cond" truecount="4" falsecount="0"/>
      <line num="112" count="3" type="stmt"/>
      <line num="114" count="12" type="stmt"/>
      <line num="115" count="12" type="stmt"/>
    </file>
  </project>
</coverage>
