{"/home/nonsensetwice/jessica/jessica.js": {"path":"/home/nonsensetwice/jessica/jessica.js","statementMap":{"0":{"start":{"line":1,"column":11},"end":{"line":1,"column":24}},"1":{"start":{"line":4,"column":16},"end":{"line":4,"column":78}},"2":{"start":{"line":4,"column":38},"end":{"line":4,"column":78}},"3":{"start":{"line":5,"column":19},"end":{"line":6,"column":75}},"4":{"start":{"line":6,"column":2},"end":{"line":6,"column":75}},"5":{"start":{"line":9,"column":14},"end":{"line":9,"column":85}},"6":{"start":{"line":9,"column":35},"end":{"line":9,"column":85}},"7":{"start":{"line":10,"column":17},"end":{"line":17,"column":1}},"8":{"start":{"line":11,"column":17},"end":{"line":15,"column":3}},"9":{"start":{"line":12,"column":4},"end":{"line":12,"column":81}},"10":{"start":{"line":12,"column":44},"end":{"line":12,"column":80}},"11":{"start":{"line":13,"column":4},"end":{"line":13,"column":69}},"12":{"start":{"line":13,"column":45},"end":{"line":13,"column":68}},"13":{"start":{"line":14,"column":4},"end":{"line":14,"column":41}},"14":{"start":{"line":16,"column":2},"end":{"line":16,"column":31}},"15":{"start":{"line":19,"column":0},"end":{"line":116,"column":1}},"16":{"start":{"line":20,"column":2},"end":{"line":22,"column":3}},"17":{"start":{"line":21,"column":4},"end":{"line":21,"column":37}},"18":{"start":{"line":27,"column":23},"end":{"line":30,"column":3}},"19":{"start":{"line":28,"column":4},"end":{"line":28,"column":26}},"20":{"start":{"line":29,"column":4},"end":{"line":29,"column":24}},"21":{"start":{"line":32,"column":24},"end":{"line":35,"column":3}},"22":{"start":{"line":33,"column":17},"end":{"line":33,"column":28}},"23":{"start":{"line":34,"column":4},"end":{"line":34,"column":49}},"24":{"start":{"line":37,"column":57},"end":{"line":37,"column":64}},"25":{"start":{"line":39,"column":15},"end":{"line":108,"column":3}},"26":{"start":{"line":40,"column":15},"end":{"line":55,"column":5}},"27":{"start":{"line":41,"column":6},"end":{"line":49,"column":7}},"28":{"start":{"line":42,"column":8},"end":{"line":48,"column":9}},"29":{"start":{"line":43,"column":25},"end":{"line":43,"column":70}},"30":{"start":{"line":44,"column":23},"end":{"line":44,"column":45}},"31":{"start":{"line":45,"column":10},"end":{"line":45,"column":62}},"32":{"start":{"line":47,"column":10},"end":{"line":47,"column":38}},"33":{"start":{"line":50,"column":6},"end":{"line":54,"column":7}},"34":{"start":{"line":51,"column":8},"end":{"line":51,"column":74}},"35":{"start":{"line":53,"column":8},"end":{"line":53,"column":31}},"36":{"start":{"line":56,"column":4},"end":{"line":58,"column":5}},"37":{"start":{"line":57,"column":6},"end":{"line":57,"column":34}},"38":{"start":{"line":60,"column":21},"end":{"line":60,"column":40}},"39":{"start":{"line":61,"column":23},"end":{"line":61,"column":53}},"40":{"start":{"line":61,"column":43},"end":{"line":61,"column":52}},"41":{"start":{"line":62,"column":23},"end":{"line":62,"column":44}},"42":{"start":{"line":64,"column":26},"end":{"line":74,"column":5}},"43":{"start":{"line":65,"column":24},"end":{"line":65,"column":51}},"44":{"start":{"line":66,"column":6},"end":{"line":72,"column":7}},"45":{"start":{"line":67,"column":8},"end":{"line":69,"column":12}},"46":{"start":{"line":68,"column":10},"end":{"line":68,"column":49}},"47":{"start":{"line":71,"column":8},"end":{"line":71,"column":27}},"48":{"start":{"line":73,"column":6},"end":{"line":73,"column":13}},"49":{"start":{"line":76,"column":4},"end":{"line":106,"column":5}},"50":{"start":{"line":77,"column":26},"end":{"line":99,"column":7}},"51":{"start":{"line":78,"column":18},"end":{"line":78,"column":47}},"52":{"start":{"line":79,"column":8},"end":{"line":83,"column":9}},"53":{"start":{"line":80,"column":10},"end":{"line":82,"column":11}},"54":{"start":{"line":81,"column":12},"end":{"line":81,"column":66}},"55":{"start":{"line":84,"column":8},"end":{"line":98,"column":9}},"56":{"start":{"line":85,"column":24},"end":{"line":87,"column":11}},"57":{"start":{"line":86,"column":12},"end":{"line":86,"column":75}},"58":{"start":{"line":88,"column":25},"end":{"line":90,"column":11}},"59":{"start":{"line":89,"column":12},"end":{"line":89,"column":38}},"60":{"start":{"line":91,"column":27},"end":{"line":96,"column":11}},"61":{"start":{"line":92,"column":29},"end":{"line":94,"column":13}},"62":{"start":{"line":93,"column":14},"end":{"line":93,"column":45}},"63":{"start":{"line":95,"column":12},"end":{"line":95,"column":70}},"64":{"start":{"line":97,"column":10},"end":{"line":97,"column":41}},"65":{"start":{"line":101,"column":23},"end":{"line":101,"column":80}},"66":{"start":{"line":101,"column":57},"end":{"line":101,"column":80}},"67":{"start":{"line":102,"column":6},"end":{"line":102,"column":39}},"68":{"start":{"line":103,"column":28},"end":{"line":104,"column":47}},"69":{"start":{"line":105,"column":6},"end":{"line":105,"column":73}},"70":{"start":{"line":107,"column":4},"end":{"line":107,"column":18}},"71":{"start":{"line":110,"column":2},"end":{"line":113,"column":3}},"72":{"start":{"line":111,"column":4},"end":{"line":111,"column":58}},"73":{"start":{"line":111,"column":42},"end":{"line":111,"column":56}},"74":{"start":{"line":112,"column":4},"end":{"line":112,"column":30}},"75":{"start":{"line":114,"column":2},"end":{"line":114,"column":37}},"76":{"start":{"line":115,"column":2},"end":{"line":115,"column":37}}},"fnMap":{"0":{"name":"(anonymous_0)","decl":{"start":{"line":4,"column":16},"end":{"line":4,"column":17}},"loc":{"start":{"line":4,"column":38},"end":{"line":4,"column":78}},"line":4},"1":{"name":"(anonymous_1)","decl":{"start":{"line":5,"column":19},"end":{"line":5,"column":20}},"loc":{"start":{"line":6,"column":2},"end":{"line":6,"column":75}},"line":6},"2":{"name":"(anonymous_2)","decl":{"start":{"line":9,"column":14},"end":{"line":9,"column":15}},"loc":{"start":{"line":9,"column":35},"end":{"line":9,"column":85}},"line":9},"3":{"name":"(anonymous_3)","decl":{"start":{"line":10,"column":17},"end":{"line":10,"column":18}},"loc":{"start":{"line":10,"column":50},"end":{"line":17,"column":1}},"line":10},"4":{"name":"(anonymous_4)","decl":{"start":{"line":11,"column":17},"end":{"line":11,"column":18}},"loc":{"start":{"line":11,"column":43},"end":{"line":15,"column":3}},"line":11},"5":{"name":"(anonymous_5)","decl":{"start":{"line":12,"column":26},"end":{"line":12,"column":27}},"loc":{"start":{"line":12,"column":44},"end":{"line":12,"column":80}},"line":12},"6":{"name":"(anonymous_6)","decl":{"start":{"line":13,"column":27},"end":{"line":13,"column":28}},"loc":{"start":{"line":13,"column":45},"end":{"line":13,"column":68}},"line":13},"7":{"name":"(anonymous_7)","decl":{"start":{"line":19,"column":17},"end":{"line":19,"column":18}},"loc":{"start":{"line":19,"column":44},"end":{"line":116,"column":1}},"line":19},"8":{"name":"(anonymous_8)","decl":{"start":{"line":27,"column":23},"end":{"line":27,"column":24}},"loc":{"start":{"line":27,"column":44},"end":{"line":30,"column":3}},"line":27},"9":{"name":"(anonymous_9)","decl":{"start":{"line":32,"column":24},"end":{"line":32,"column":25}},"loc":{"start":{"line":32,"column":33},"end":{"line":35,"column":3}},"line":32},"10":{"name":"(anonymous_10)","decl":{"start":{"line":39,"column":15},"end":{"line":39,"column":16}},"loc":{"start":{"line":39,"column":33},"end":{"line":108,"column":3}},"line":39},"11":{"name":"(anonymous_11)","decl":{"start":{"line":40,"column":15},"end":{"line":40,"column":16}},"loc":{"start":{"line":40,"column":21},"end":{"line":55,"column":5}},"line":40},"12":{"name":"(anonymous_12)","decl":{"start":{"line":61,"column":38},"end":{"line":61,"column":39}},"loc":{"start":{"line":61,"column":43},"end":{"line":61,"column":52}},"line":61},"13":{"name":"(anonymous_13)","decl":{"start":{"line":64,"column":26},"end":{"line":64,"column":27}},"loc":{"start":{"line":64,"column":38},"end":{"line":74,"column":5}},"line":64},"14":{"name":"(anonymous_14)","decl":{"start":{"line":67,"column":40},"end":{"line":67,"column":41}},"loc":{"start":{"line":67,"column":47},"end":{"line":69,"column":9}},"line":67},"15":{"name":"(anonymous_15)","decl":{"start":{"line":77,"column":26},"end":{"line":77,"column":27}},"loc":{"start":{"line":77,"column":32},"end":{"line":99,"column":7}},"line":77},"16":{"name":"(anonymous_16)","decl":{"start":{"line":80,"column":17},"end":{"line":80,"column":18}},"loc":{"start":{"line":80,"column":24},"end":{"line":82,"column":11}},"line":80},"17":{"name":"(anonymous_17)","decl":{"start":{"line":84,"column":15},"end":{"line":84,"column":16}},"loc":{"start":{"line":84,"column":22},"end":{"line":98,"column":9}},"line":84},"18":{"name":"(anonymous_18)","decl":{"start":{"line":85,"column":24},"end":{"line":85,"column":25}},"loc":{"start":{"line":85,"column":34},"end":{"line":87,"column":11}},"line":85},"19":{"name":"(anonymous_19)","decl":{"start":{"line":88,"column":25},"end":{"line":88,"column":26}},"loc":{"start":{"line":88,"column":36},"end":{"line":90,"column":11}},"line":88},"20":{"name":"(anonymous_20)","decl":{"start":{"line":91,"column":27},"end":{"line":91,"column":28}},"loc":{"start":{"line":91,"column":48},"end":{"line":96,"column":11}},"line":91},"21":{"name":"(anonymous_21)","decl":{"start":{"line":92,"column":29},"end":{"line":92,"column":30}},"loc":{"start":{"line":92,"column":41},"end":{"line":94,"column":13}},"line":92},"22":{"name":"(anonymous_22)","decl":{"start":{"line":101,"column":52},"end":{"line":101,"column":53}},"loc":{"start":{"line":101,"column":57},"end":{"line":101,"column":80}},"line":101},"23":{"name":"(anonymous_23)","decl":{"start":{"line":111,"column":24},"end":{"line":111,"column":25}},"loc":{"start":{"line":111,"column":42},"end":{"line":111,"column":56}},"line":111}},"branchMap":{"0":{"loc":{"start":{"line":4,"column":26},"end":{"line":4,"column":33}},"type":"default-arg","locations":[{"start":{"line":4,"column":30},"end":{"line":4,"column":33}}],"line":4},"1":{"loc":{"start":{"line":5,"column":29},"end":{"line":5,"column":36}},"type":"default-arg","locations":[{"start":{"line":5,"column":33},"end":{"line":5,"column":36}}],"line":5},"2":{"loc":{"start":{"line":9,"column":35},"end":{"line":9,"column":85}},"type":"cond-expr","locations":[{"start":{"line":9,"column":55},"end":{"line":9,"column":58}},{"start":{"line":9,"column":61},"end":{"line":9,"column":85}}],"line":9},"3":{"loc":{"start":{"line":10,"column":24},"end":{"line":10,"column":45}},"type":"default-arg","locations":[{"start":{"line":10,"column":29},"end":{"line":10,"column":45}}],"line":10},"4":{"loc":{"start":{"line":12,"column":44},"end":{"line":12,"column":80}},"type":"cond-expr","locations":[{"start":{"line":12,"column":50},"end":{"line":12,"column":61}},{"start":{"line":12,"column":64},"end":{"line":12,"column":80}}],"line":12},"5":{"loc":{"start":{"line":13,"column":53},"end":{"line":13,"column":67}},"type":"binary-expr","locations":[{"start":{"line":13,"column":53},"end":{"line":13,"column":56}},{"start":{"line":13,"column":60},"end":{"line":13,"column":67}}],"line":13},"6":{"loc":{"start":{"line":20,"column":2},"end":{"line":22,"column":3}},"type":"if","locations":[{"start":{"line":20,"column":2},"end":{"line":22,"column":3}},{"start":{"line":20,"column":2},"end":{"line":22,"column":3}}],"line":20},"7":{"loc":{"start":{"line":20,"column":5},"end":{"line":20,"column":57}},"type":"binary-expr","locations":[{"start":{"line":20,"column":5},"end":{"line":20,"column":26}},{"start":{"line":20,"column":30},"end":{"line":20,"column":57}}],"line":20},"8":{"loc":{"start":{"line":34,"column":11},"end":{"line":34,"column":48}},"type":"cond-expr","locations":[{"start":{"line":34,"column":24},"end":{"line":34,"column":39}},{"start":{"line":34,"column":42},"end":{"line":34,"column":48}}],"line":34},"9":{"loc":{"start":{"line":37,"column":7},"end":{"line":37,"column":18}},"type":"default-arg","locations":[{"start":{"line":37,"column":16},"end":{"line":37,"column":18}}],"line":37},"10":{"loc":{"start":{"line":37,"column":20},"end":{"line":37,"column":33}},"type":"default-arg","locations":[{"start":{"line":37,"column":31},"end":{"line":37,"column":33}}],"line":37},"11":{"loc":{"start":{"line":41,"column":6},"end":{"line":49,"column":7}},"type":"if","locations":[{"start":{"line":41,"column":6},"end":{"line":49,"column":7}},{"start":{"line":41,"column":6},"end":{"line":49,"column":7}}],"line":41},"12":{"loc":{"start":{"line":45,"column":17},"end":{"line":45,"column":61}},"type":"cond-expr","locations":[{"start":{"line":45,"column":31},"end":{"line":45,"column":52}},{"start":{"line":45,"column":55},"end":{"line":45,"column":61}}],"line":45},"13":{"loc":{"start":{"line":56,"column":4},"end":{"line":58,"column":5}},"type":"if","locations":[{"start":{"line":56,"column":4},"end":{"line":58,"column":5}},{"start":{"line":56,"column":4},"end":{"line":58,"column":5}}],"line":56},"14":{"loc":{"start":{"line":76,"column":4},"end":{"line":106,"column":5}},"type":"if","locations":[{"start":{"line":76,"column":4},"end":{"line":106,"column":5}},{"start":{"line":76,"column":4},"end":{"line":106,"column":5}}],"line":76},"15":{"loc":{"start":{"line":79,"column":8},"end":{"line":83,"column":9}},"type":"if","locations":[{"start":{"line":79,"column":8},"end":{"line":83,"column":9}},{"start":{"line":79,"column":8},"end":{"line":83,"column":9}}],"line":79},"16":{"loc":{"start":{"line":101,"column":23},"end":{"line":101,"column":80}},"type":"cond-expr","locations":[{"start":{"line":101,"column":34},"end":{"line":101,"column":49}},{"start":{"line":101,"column":52},"end":{"line":101,"column":80}}],"line":101},"17":{"loc":{"start":{"line":105,"column":13},"end":{"line":105,"column":72}},"type":"cond-expr","locations":[{"start":{"line":105,"column":27},"end":{"line":105,"column":42}},{"start":{"line":105,"column":45},"end":{"line":105,"column":72}}],"line":105},"18":{"loc":{"start":{"line":110,"column":2},"end":{"line":113,"column":3}},"type":"if","locations":[{"start":{"line":110,"column":2},"end":{"line":113,"column":3}},{"start":{"line":110,"column":2},"end":{"line":113,"column":3}}],"line":110},"19":{"loc":{"start":{"line":111,"column":13},"end":{"line":111,"column":57}},"type":"binary-expr","locations":[{"start":{"line":111,"column":13},"end":{"line":111,"column":19}},{"start":{"line":111,"column":24},"end":{"line":111,"column":56}}],"line":111},"20":{"loc":{"start":{"line":111,"column":42},"end":{"line":111,"column":56}},"type":"binary-expr","locations":[{"start":{"line":111,"column":42},"end":{"line":111,"column":45}},{"start":{"line":111,"column":49},"end":{"line":111,"column":56}}],"line":111}},"s":{"0":1,"1":1,"2":21,"3":1,"4":3,"5":1,"6":2,"7":1,"8":6,"9":6,"10":5,"11":6,"12":0,"13":6,"14":6,"15":1,"16":18,"17":3,"18":15,"19":13,"20":13,"21":15,"22":9,"23":6,"24":15,"25":15,"26":15,"27":15,"28":13,"29":13,"30":10,"31":4,"32":9,"33":2,"34":2,"35":1,"36":15,"37":0,"38":15,"39":15,"40":18,"41":15,"42":15,"43":6,"44":6,"45":6,"46":6,"47":0,"48":6,"49":15,"50":6,"51":2,"52":2,"53":2,"54":2,"55":0,"56":0,"57":0,"58":0,"59":0,"60":0,"61":0,"62":0,"63":0,"64":0,"65":6,"66":4,"67":6,"68":6,"69":6,"70":9,"71":15,"72":3,"73":2,"74":3,"75":12,"76":12},"f":{"0":21,"1":3,"2":2,"3":6,"4":6,"5":5,"6":0,"7":18,"8":13,"9":9,"10":15,"11":15,"12":18,"13":6,"14":6,"15":2,"16":2,"17":0,"18":0,"19":0,"20":0,"21":0,"22":4,"23":2},"b":{"0":[0],"1":[1],"2":[0,2],"3":[6],"4":[0,5],"5":[0,0],"6":[3,15],"7":[18,17],"8":[5,1],"9":[0],"10":[9],"11":[13,2],"12":[3,1],"13":[0,15],"14":[6,9],"15":[2,0],"16":[2,4],"17":[5,1],"18":[3,12],"19":[3,2],"20":[2,1]},"_coverageSchema":"1a1c01bbd47fc00a2c39e90264f33305004495a9","hash":"729220e688e9d147c42c75ed71df16af1653f350"}
}
