{
  "numFailedTestSuites": 1,
  "numFailedTests": 2,
  "numPassedTestSuites": 0,
  "numPassedTests": 17,
  "numPendingTestSuites": 0,
  "numPendingTests": 0,
  "numRuntimeErrorTestSuites": 0,
  "numTodoTests": 0,
  "numTotalTestSuites": 1,
  "numTotalTests": 19,
  "openHandles": [],
  "snapshot": {
    "added": 0,
    "didUpdate": false,
    "failure": false,
    "filesAdded": 0,
    "filesRemoved": 0,
    "filesRemovedList": [],
    "filesUnmatched": 0,
    "filesUpdated": 0,
    "matched": 0,
    "total": 0,
    "unchecked": 0,
    "uncheckedKeysByFile": [],
    "unmatched": 0,
    "updated": 0
  },
  "startTime": 1590260178964,
  "success": false,
  "testResults": [
    {
      "assertionResults": [
        {
          "ancestorTitles": ["jessica"],
          "failureMessages": [],
          "fullName": "jessica is a function",
          "location": null,
          "status": "passed",
          "title": "is a function"
        },
        {
          "ancestorTitles": ["jessica"],
          "failureMessages": [],
          "fullName": "jessica interpolates a provided string",
          "location": null,
          "status": "passed",
          "title": "interpolates a provided string"
        },
        {
          "ancestorTitles": ["jessica"],
          "failureMessages": [],
          "fullName": "jessica throws an error in case of interpolation failure",
          "location": null,
          "status": "passed",
          "title": "throws an error in case of interpolation failure"
        },
        {
          "ancestorTitles": ["jessica", "External templates"],
          "failureMessages": [],
          "fullName": "jessica External templates renders a template file with a callback",
          "location": null,
          "status": "passed",
          "title": "renders a template file with a callback"
        },
        {
          "ancestorTitles": ["jessica", "External templates"],
          "failureMessages": [],
          "fullName": "jessica External templates throws an error in case of template interpolation failure with a callback",
          "location": null,
          "status": "passed",
          "title": "throws an error in case of template interpolation failure with a callback"
        },
        {
          "ancestorTitles": ["jessica", "External templates"],
          "failureMessages": [
            "ReferenceError: engineName is not defined\n    at eval (eval at compile (/home/nonsensetwice/jessica/jessica.js:4:37), <anonymous>:3:1)\n    at send (/home/nonsensetwice/jessica/jessica.js:45:26)\n    at assign (/home/nonsensetwice/jessica/jessica.js:111:12)\n    at FSReqCallback.readFileAfterClose [as oncomplete] (internal/fs/read_file_context.js:63:3)"
          ],
          "fullName": "jessica External templates renders a template file with a promise",
          "location": null,
          "status": "failed",
          "title": "renders a template file with a promise"
        },
        {
          "ancestorTitles": ["jessica", "External templates"],
          "failureMessages": [],
          "fullName": "jessica External templates renders a template file with both promise and callback",
          "location": null,
          "status": "passed",
          "title": "renders a template file with both promise and callback"
        },
        {
          "ancestorTitles": ["jessica", "External templates"],
          "failureMessages": [],
          "fullName": "jessica External templates throws an error in case of template interpolation with promise failure",
          "location": null,
          "status": "passed",
          "title": "throws an error in case of template interpolation with promise failure"
        },
        {
          "ancestorTitles": ["jessica", "External templates"],
          "failureMessages": [],
          "fullName": "jessica External templates throws an error in case of template interpolation with both promise and callback",
          "location": null,
          "status": "passed",
          "title": "throws an error in case of template interpolation with both promise and callback"
        },
        {
          "ancestorTitles": ["jessica", "External templates"],
          "failureMessages": [],
          "fullName": "jessica External templates merges a string and a partial file with both promise and callback",
          "location": null,
          "status": "passed",
          "title": "merges a string and a partial file with both promise and callback"
        },
        {
          "ancestorTitles": ["jessica", "External templates"],
          "failureMessages": [],
          "fullName": "jessica External templates render partials",
          "location": null,
          "status": "passed",
          "title": "render partials"
        },
        {
          "ancestorTitles": ["jessica", "External templates"],
          "failureMessages": [],
          "fullName": "jessica External templates throws an error when template is not found",
          "location": null,
          "status": "passed",
          "title": "throws an error when template is not found"
        },
        {
          "ancestorTitles": ["jessica", "External templates"],
          "failureMessages": [],
          "fullName": "jessica External templates throws an error when partials is not found",
          "location": null,
          "status": "passed",
          "title": "throws an error when partials is not found"
        },
        {
          "ancestorTitles": ["jessica", "Precompilation"],
          "failureMessages": [],
          "fullName": "jessica Precompilation can pre-compile templates when all names are listed",
          "location": null,
          "status": "passed",
          "title": "can pre-compile templates when all names are listed"
        },
        {
          "ancestorTitles": ["jessica", "Precompilation"],
          "failureMessages": [],
          "fullName": "jessica Precompilation can precompile templates using default '$' object property",
          "location": null,
          "status": "passed",
          "title": "can precompile templates using default '$' object property"
        },
        {
          "ancestorTitles": ["jessica", "Precompilation"],
          "failureMessages": [],
          "fullName": "jessica Precompilation throws an error on template precompilation failure",
          "location": null,
          "status": "passed",
          "title": "throws an error on template precompilation failure"
        },
        {
          "ancestorTitles": ["jessica", "Express"],
          "failureMessages": [],
          "fullName": "jessica Express renders a template file",
          "location": null,
          "status": "passed",
          "title": "renders a template file"
        },
        {
          "ancestorTitles": ["jessica", "Express"],
          "failureMessages": [
            "TypeError: The \"path\" argument must be of type string or an instance of Buffer or URL. Received undefinedTypeError [ERR_INVALID_ARG_TYPE]: The \"path\" argument must be of type string or an instance of Buffer or URL. Received undefined\n    at Object.readFile (fs.js:316:10)\n    at findFile (/home/nonsensetwice/jessica/jessica.js:17:8)\n    at new Promise (<anonymous>)\n    at getPartial (/home/nonsensetwice/jessica/jessica.js:19:10)\n    at map (/home/nonsensetwice/jessica/jessica.js:82:13)\n    at Array.map (<anonymous>)\n    at assign (/home/nonsensetwice/jessica/jessica.js:106:54)\n    at FSReqCallback.readFileAfterClose [as oncomplete] (internal/fs/read_file_context.js:63:3)",
            "Error: \u001b[2mexpect(\u001b[22m\u001b[31mreceived\u001b[39m\u001b[2m).\u001b[22mtoBeNull\u001b[2m()\u001b[22m\n\nReceived: \u001b[31m[Error: \u001b[2mexpect(\u001b[22m\u001b[31mreceived\u001b[39m\u001b[31m\u001b[2m).\u001b[22mtoBe\u001b[2m(\u001b[22m\u001b[32mexpected\u001b[39m\u001b[31m\u001b[2m) // Object.is equality\u001b[22m·\u001b[39m\n\u001b[31m\u001b[32m- Expected  - 1\u001b[39m\u001b[31m\u001b[39m\n\u001b[31m\u001b[31m+ Received  + 1\u001b[39m\u001b[31m·\u001b[39m\n\u001b[31m\u001b[2m  jessica - The fastest javascript template string engine!\u001b[22m\u001b[39m\n\u001b[31m\u001b[32m- MIT License\u001b[39m\u001b[31m\u001b[39m\n\u001b[31m\u001b[31m+ undefined\u001b[39m\u001b[31m]\u001b[39m\n    at render (/home/nonsensetwice/jessica/test/jessica.spec.js:245:23)\n    at handleRejection (/home/nonsensetwice/jessica/jessica.js:35:18)\n    at send (/home/nonsensetwice/jessica/jessica.js:49:18)\n    at compilePartials (/home/nonsensetwice/jessica/jessica.js:74:7)"
          ],
          "fullName": "jessica Express render partials",
          "location": null,
          "status": "failed",
          "title": "render partials"
        },
        {
          "ancestorTitles": ["jessica", "Express"],
          "failureMessages": [],
          "fullName": "jessica Express throws an error when variable is not found",
          "location": null,
          "status": "passed",
          "title": "throws an error when variable is not found"
        }
      ],
      "endTime": 1590260179824,
      "message": "\u001b[1m\u001b[31m  \u001b[1m● \u001b[22m\u001b[1mjessica › External templates › renders a template file with a promise\u001b[39m\u001b[22m\n\n    ReferenceError: engineName is not defined\n\u001b[2m\u001b[22m\n\u001b[2m      \u001b[2mat eval (eval at compile (\u001b[22m\u001b[2mjessica.js\u001b[2m:4:37), <anonymous>:3:1)\u001b[22m\u001b[2m\u001b[22m\n\u001b[2m      \u001b[2mat send (\u001b[22m\u001b[2mjessica.js\u001b[2m:45:26)\u001b[22m\u001b[2m\u001b[22m\n\u001b[2m      \u001b[2mat assign (\u001b[22m\u001b[2mjessica.js\u001b[2m:111:12)\u001b[22m\u001b[2m\u001b[22m\n\n\u001b[1m\u001b[31m  \u001b[1m● \u001b[22m\u001b[1mjessica › Express › render partials\u001b[39m\u001b[22m\n\n    TypeError: The \"path\" argument must be of type string or an instance of Buffer or URL. Received undefinedTypeError [ERR_INVALID_ARG_TYPE]: The \"path\" argument must be of type string or an instance of Buffer or URL. Received undefined\n\u001b[2m\u001b[22m\n\u001b[2m    \u001b[0m \u001b[90m 15 | \u001b[39m    \u001b[36mthis\u001b[39m\u001b[33m.\u001b[39mresolveNeutral \u001b[33m=\u001b[39m (err\u001b[33m,\u001b[39m content) \u001b[33m=>\u001b[39m err \u001b[33m?\u001b[39m reject(err) \u001b[33m:\u001b[39m resolve(content)\u001b[33m;\u001b[39m\u001b[0m\u001b[22m\n\u001b[2m    \u001b[0m \u001b[90m 16 | \u001b[39m    \u001b[36mthis\u001b[39m\u001b[33m.\u001b[39mresolvePositive \u001b[33m=\u001b[39m (err\u001b[33m,\u001b[39m content) \u001b[33m=>\u001b[39m resolve(err \u001b[33m||\u001b[39m content)\u001b[33m;\u001b[39m\u001b[0m\u001b[22m\n\u001b[2m    \u001b[0m\u001b[31m\u001b[1m>\u001b[22m\u001b[2m\u001b[39m\u001b[90m 17 | \u001b[39m    fs\u001b[33m.\u001b[39mreadFile(path\u001b[33m,\u001b[39m \u001b[32m'utf-8'\u001b[39m\u001b[33m,\u001b[39m \u001b[36mthis\u001b[39m[cb])\u001b[33m;\u001b[39m\u001b[0m\u001b[22m\n\u001b[2m    \u001b[0m \u001b[90m    | \u001b[39m       \u001b[31m\u001b[1m^\u001b[22m\u001b[2m\u001b[39m\u001b[0m\u001b[22m\n\u001b[2m    \u001b[0m \u001b[90m 18 | \u001b[39m  }\u001b[33m;\u001b[39m\u001b[0m\u001b[22m\n\u001b[2m    \u001b[0m \u001b[90m 19 | \u001b[39m  \u001b[36mreturn\u001b[39m \u001b[36mnew\u001b[39m \u001b[33mPromise\u001b[39m(findFile)\u001b[33m;\u001b[39m\u001b[0m\u001b[22m\n\u001b[2m    \u001b[0m \u001b[90m 20 | \u001b[39m}\u001b[33m;\u001b[39m\u001b[0m\u001b[22m\n\u001b[2m\u001b[22m\n\u001b[2m      \u001b[2mat findFile (\u001b[22m\u001b[2mjessica.js\u001b[2m:17:8)\u001b[22m\u001b[2m\u001b[22m\n\u001b[2m      \u001b[2mat getPartial (\u001b[22m\u001b[2mjessica.js\u001b[2m:19:10)\u001b[22m\u001b[2m\u001b[22m\n\u001b[2m      \u001b[2mat map (\u001b[22m\u001b[2mjessica.js\u001b[2m:82:13)\u001b[22m\u001b[2m\u001b[22m\n\u001b[2m          at Array.map (<anonymous>)\u001b[22m\n\u001b[2m      \u001b[2mat assign (\u001b[22m\u001b[2mjessica.js\u001b[2m:106:54)\u001b[22m\u001b[2m\u001b[22m\n\n\u001b[1m\u001b[31m  \u001b[1m● \u001b[22m\u001b[1mjessica › Express › render partials\u001b[39m\u001b[22m\n\n    \u001b[2mexpect(\u001b[22m\u001b[31mreceived\u001b[39m\u001b[2m).\u001b[22mtoBeNull\u001b[2m()\u001b[22m\n\n    Received: \u001b[31m[Error: \u001b[2mexpect(\u001b[22m\u001b[31mreceived\u001b[39m\u001b[31m\u001b[2m).\u001b[22mtoBe\u001b[2m(\u001b[22m\u001b[32mexpected\u001b[39m\u001b[31m\u001b[2m) // Object.is equality\u001b[22m·\u001b[39m\n    \u001b[31m\u001b[32m- Expected  - 1\u001b[39m\u001b[31m\u001b[39m\n    \u001b[31m\u001b[31m+ Received  + 1\u001b[39m\u001b[31m·\u001b[39m\n    \u001b[31m\u001b[2m  jessica - The fastest javascript template string engine!\u001b[22m\u001b[39m\n    \u001b[31m\u001b[32m- MIT License\u001b[39m\u001b[31m\u001b[39m\n    \u001b[31m\u001b[31m+ undefined\u001b[39m\u001b[31m]\u001b[39m\n\u001b[2m\u001b[22m\n\u001b[2m    \u001b[0m \u001b[90m 243 | \u001b[39m        }\u001b[33m,\u001b[39m\u001b[0m\u001b[22m\n\u001b[2m    \u001b[0m \u001b[90m 244 | \u001b[39m        (err\u001b[33m,\u001b[39m content) \u001b[33m=>\u001b[39m {\u001b[0m\u001b[22m\n\u001b[2m    \u001b[0m\u001b[31m\u001b[1m>\u001b[22m\u001b[2m\u001b[39m\u001b[90m 245 | \u001b[39m          expect(err)\u001b[33m.\u001b[39mtoBeNull()\u001b[33m;\u001b[39m\u001b[0m\u001b[22m\n\u001b[2m    \u001b[0m \u001b[90m     | \u001b[39m                      \u001b[31m\u001b[1m^\u001b[22m\u001b[2m\u001b[39m\u001b[0m\u001b[22m\n\u001b[2m    \u001b[0m \u001b[90m 246 | \u001b[39m          expect(content)\u001b[33m.\u001b[39mtoBe(\u001b[32m\"jessica - The fastest javascript template string engine!\\nMIT License\"\u001b[39m)\u001b[33m;\u001b[39m\u001b[0m\u001b[22m\n\u001b[2m    \u001b[0m \u001b[90m 247 | \u001b[39m          done()\u001b[33m;\u001b[39m\u001b[0m\u001b[22m\n\u001b[2m    \u001b[0m \u001b[90m 248 | \u001b[39m        }\u001b[0m\u001b[22m\n\u001b[2m\u001b[22m\n\u001b[2m      \u001b[2mat render (\u001b[22m\u001b[2m\u001b[0m\u001b[36mtest/jessica.spec.js\u001b[39m\u001b[0m\u001b[2m:245:23)\u001b[22m\u001b[2m\u001b[22m\n\u001b[2m      \u001b[2mat handleRejection (\u001b[22m\u001b[2mjessica.js\u001b[2m:35:18)\u001b[22m\u001b[2m\u001b[22m\n\u001b[2m      \u001b[2mat send (\u001b[22m\u001b[2mjessica.js\u001b[2m:49:18)\u001b[22m\u001b[2m\u001b[22m\n\u001b[2m      \u001b[2mat compilePartials (\u001b[22m\u001b[2mjessica.js\u001b[2m:74:7)\u001b[22m\u001b[2m\u001b[22m\n",
      "name": "/home/nonsensetwice/jessica/test/jessica.spec.js",
      "startTime": 1590260179009,
      "status": "failed",
      "summary": ""
    }
  ],
  "wasInterrupted": false,
  "coverageMap": {
    "/home/nonsensetwice/jessica/jessica.js": {
      "path": "/home/nonsensetwice/jessica/jessica.js",
      "statementMap": {
        "0": {
          "start": { "line": 1, "column": 11 },
          "end": { "line": 1, "column": 24 }
        },
        "1": {
          "start": { "line": 4, "column": 14 },
          "end": { "line": 4, "column": 76 }
        },
        "2": {
          "start": { "line": 4, "column": 36 },
          "end": { "line": 4, "column": 76 }
        },
        "3": {
          "start": { "line": 5, "column": 17 },
          "end": { "line": 6, "column": 75 }
        },
        "4": {
          "start": { "line": 6, "column": 2 },
          "end": { "line": 6, "column": 75 }
        },
        "5": {
          "start": { "line": 9, "column": 14 },
          "end": { "line": 11, "column": 1 }
        },
        "6": {
          "start": { "line": 10, "column": 2 },
          "end": { "line": 10, "column": 53 }
        },
        "7": {
          "start": { "line": 13, "column": 17 },
          "end": { "line": 20, "column": 1 }
        },
        "8": {
          "start": { "line": 14, "column": 17 },
          "end": { "line": 18, "column": 3 }
        },
        "9": {
          "start": { "line": 15, "column": 4 },
          "end": { "line": 15, "column": 81 }
        },
        "10": {
          "start": { "line": 15, "column": 44 },
          "end": { "line": 15, "column": 80 }
        },
        "11": {
          "start": { "line": 16, "column": 4 },
          "end": { "line": 16, "column": 69 }
        },
        "12": {
          "start": { "line": 16, "column": 45 },
          "end": { "line": 16, "column": 68 }
        },
        "13": {
          "start": { "line": 17, "column": 4 },
          "end": { "line": 17, "column": 41 }
        },
        "14": {
          "start": { "line": 19, "column": 2 },
          "end": { "line": 19, "column": 31 }
        },
        "15": {
          "start": { "line": 22, "column": 0 },
          "end": { "line": 120, "column": 1 }
        },
        "16": {
          "start": { "line": 23, "column": 2 },
          "end": { "line": 25, "column": 3 }
        },
        "17": {
          "start": { "line": 24, "column": 4 },
          "end": { "line": 24, "column": 37 }
        },
        "18": {
          "start": { "line": 29, "column": 23 },
          "end": { "line": 32, "column": 3 }
        },
        "19": {
          "start": { "line": 30, "column": 4 },
          "end": { "line": 30, "column": 26 }
        },
        "20": {
          "start": { "line": 31, "column": 4 },
          "end": { "line": 31, "column": 24 }
        },
        "21": {
          "start": { "line": 34, "column": 24 },
          "end": { "line": 37, "column": 3 }
        },
        "22": {
          "start": { "line": 35, "column": 17 },
          "end": { "line": 35, "column": 28 }
        },
        "23": {
          "start": { "line": 36, "column": 4 },
          "end": { "line": 36, "column": 49 }
        },
        "24": {
          "start": { "line": 39, "column": 57 },
          "end": { "line": 39, "column": 64 }
        },
        "25": {
          "start": { "line": 41, "column": 15 },
          "end": { "line": 112, "column": 3 }
        },
        "26": {
          "start": { "line": 42, "column": 15 },
          "end": { "line": 57, "column": 5 }
        },
        "27": {
          "start": { "line": 43, "column": 6 },
          "end": { "line": 51, "column": 7 }
        },
        "28": {
          "start": { "line": 44, "column": 8 },
          "end": { "line": 50, "column": 9 }
        },
        "29": {
          "start": { "line": 45, "column": 25 },
          "end": { "line": 45, "column": 70 }
        },
        "30": {
          "start": { "line": 46, "column": 23 },
          "end": { "line": 46, "column": 45 }
        },
        "31": {
          "start": { "line": 47, "column": 10 },
          "end": { "line": 47, "column": 62 }
        },
        "32": {
          "start": { "line": 49, "column": 10 },
          "end": { "line": 49, "column": 38 }
        },
        "33": {
          "start": { "line": 52, "column": 6 },
          "end": { "line": 56, "column": 7 }
        },
        "34": {
          "start": { "line": 53, "column": 8 },
          "end": { "line": 53, "column": 74 }
        },
        "35": {
          "start": { "line": 55, "column": 8 },
          "end": { "line": 55, "column": 31 }
        },
        "36": {
          "start": { "line": 59, "column": 4 },
          "end": { "line": 61, "column": 5 }
        },
        "37": {
          "start": { "line": 60, "column": 6 },
          "end": { "line": 60, "column": 34 }
        },
        "38": {
          "start": { "line": 63, "column": 21 },
          "end": { "line": 63, "column": 40 }
        },
        "39": {
          "start": { "line": 64, "column": 23 },
          "end": { "line": 64, "column": 53 }
        },
        "40": {
          "start": { "line": 64, "column": 43 },
          "end": { "line": 64, "column": 52 }
        },
        "41": {
          "start": { "line": 65, "column": 23 },
          "end": { "line": 65, "column": 44 }
        },
        "42": {
          "start": { "line": 67, "column": 26 },
          "end": { "line": 75, "column": 5 }
        },
        "43": {
          "start": { "line": 68, "column": 24 },
          "end": { "line": 68, "column": 51 }
        },
        "44": {
          "start": { "line": 69, "column": 6 },
          "end": { "line": 73, "column": 7 }
        },
        "45": {
          "start": { "line": 70, "column": 8 },
          "end": { "line": 70, "column": 86 }
        },
        "46": {
          "start": { "line": 70, "column": 45 },
          "end": { "line": 70, "column": 83 }
        },
        "47": {
          "start": { "line": 72, "column": 8 },
          "end": { "line": 72, "column": 27 }
        },
        "48": {
          "start": { "line": 74, "column": 6 },
          "end": { "line": 74, "column": 13 }
        },
        "49": {
          "start": { "line": 77, "column": 4 },
          "end": { "line": 110, "column": 5 }
        },
        "50": {
          "start": { "line": 78, "column": 26 },
          "end": { "line": 100, "column": 7 }
        },
        "51": {
          "start": { "line": 79, "column": 18 },
          "end": { "line": 79, "column": 47 }
        },
        "52": {
          "start": { "line": 80, "column": 8 },
          "end": { "line": 84, "column": 9 }
        },
        "53": {
          "start": { "line": 81, "column": 10 },
          "end": { "line": 83, "column": 11 }
        },
        "54": {
          "start": { "line": 82, "column": 12 },
          "end": { "line": 82, "column": 66 }
        },
        "55": {
          "start": { "line": 85, "column": 8 },
          "end": { "line": 99, "column": 9 }
        },
        "56": {
          "start": { "line": 86, "column": 24 },
          "end": { "line": 88, "column": 11 }
        },
        "57": {
          "start": { "line": 87, "column": 12 },
          "end": { "line": 87, "column": 75 }
        },
        "58": {
          "start": { "line": 89, "column": 25 },
          "end": { "line": 91, "column": 11 }
        },
        "59": {
          "start": { "line": 90, "column": 12 },
          "end": { "line": 90, "column": 38 }
        },
        "60": {
          "start": { "line": 92, "column": 27 },
          "end": { "line": 97, "column": 11 }
        },
        "61": {
          "start": { "line": 93, "column": 29 },
          "end": { "line": 95, "column": 13 }
        },
        "62": {
          "start": { "line": 94, "column": 14 },
          "end": { "line": 94, "column": 45 }
        },
        "63": {
          "start": { "line": 96, "column": 12 },
          "end": { "line": 96, "column": 70 }
        },
        "64": {
          "start": { "line": 98, "column": 10 },
          "end": { "line": 98, "column": 41 }
        },
        "65": {
          "start": { "line": 102, "column": 23 },
          "end": { "line": 102, "column": 80 }
        },
        "66": {
          "start": { "line": 102, "column": 57 },
          "end": { "line": 102, "column": 80 }
        },
        "67": {
          "start": { "line": 104, "column": 6 },
          "end": { "line": 104, "column": 39 }
        },
        "68": {
          "start": { "line": 106, "column": 28 },
          "end": { "line": 107, "column": 47 }
        },
        "69": {
          "start": { "line": 109, "column": 6 },
          "end": { "line": 109, "column": 73 }
        },
        "70": {
          "start": { "line": 111, "column": 4 },
          "end": { "line": 111, "column": 18 }
        },
        "71": {
          "start": { "line": 114, "column": 2 },
          "end": { "line": 117, "column": 3 }
        },
        "72": {
          "start": { "line": 115, "column": 4 },
          "end": { "line": 115, "column": 58 }
        },
        "73": {
          "start": { "line": 115, "column": 42 },
          "end": { "line": 115, "column": 56 }
        },
        "74": {
          "start": { "line": 116, "column": 4 },
          "end": { "line": 116, "column": 30 }
        },
        "75": {
          "start": { "line": 118, "column": 2 },
          "end": { "line": 118, "column": 37 }
        },
        "76": {
          "start": { "line": 119, "column": 2 },
          "end": { "line": 119, "column": 37 }
        }
      },
      "fnMap": {
        "0": {
          "name": "(anonymous_0)",
          "decl": {
            "start": { "line": 4, "column": 14 },
            "end": { "line": 4, "column": 15 }
          },
          "loc": {
            "start": { "line": 4, "column": 36 },
            "end": { "line": 4, "column": 76 }
          },
          "line": 4
        },
        "1": {
          "name": "(anonymous_1)",
          "decl": {
            "start": { "line": 5, "column": 17 },
            "end": { "line": 5, "column": 18 }
          },
          "loc": {
            "start": { "line": 6, "column": 2 },
            "end": { "line": 6, "column": 75 }
          },
          "line": 6
        },
        "2": {
          "name": "(anonymous_2)",
          "decl": {
            "start": { "line": 9, "column": 14 },
            "end": { "line": 9, "column": 15 }
          },
          "loc": {
            "start": { "line": 9, "column": 35 },
            "end": { "line": 11, "column": 1 }
          },
          "line": 9
        },
        "3": {
          "name": "(anonymous_3)",
          "decl": {
            "start": { "line": 13, "column": 17 },
            "end": { "line": 13, "column": 18 }
          },
          "loc": {
            "start": { "line": 13, "column": 50 },
            "end": { "line": 20, "column": 1 }
          },
          "line": 13
        },
        "4": {
          "name": "(anonymous_4)",
          "decl": {
            "start": { "line": 14, "column": 17 },
            "end": { "line": 14, "column": 18 }
          },
          "loc": {
            "start": { "line": 14, "column": 43 },
            "end": { "line": 18, "column": 3 }
          },
          "line": 14
        },
        "5": {
          "name": "(anonymous_5)",
          "decl": {
            "start": { "line": 15, "column": 26 },
            "end": { "line": 15, "column": 27 }
          },
          "loc": {
            "start": { "line": 15, "column": 44 },
            "end": { "line": 15, "column": 80 }
          },
          "line": 15
        },
        "6": {
          "name": "(anonymous_6)",
          "decl": {
            "start": { "line": 16, "column": 27 },
            "end": { "line": 16, "column": 28 }
          },
          "loc": {
            "start": { "line": 16, "column": 45 },
            "end": { "line": 16, "column": 68 }
          },
          "line": 16
        },
        "7": {
          "name": "(anonymous_7)",
          "decl": {
            "start": { "line": 22, "column": 17 },
            "end": { "line": 22, "column": 18 }
          },
          "loc": {
            "start": { "line": 22, "column": 44 },
            "end": { "line": 120, "column": 1 }
          },
          "line": 22
        },
        "8": {
          "name": "(anonymous_8)",
          "decl": {
            "start": { "line": 29, "column": 23 },
            "end": { "line": 29, "column": 24 }
          },
          "loc": {
            "start": { "line": 29, "column": 44 },
            "end": { "line": 32, "column": 3 }
          },
          "line": 29
        },
        "9": {
          "name": "(anonymous_9)",
          "decl": {
            "start": { "line": 34, "column": 24 },
            "end": { "line": 34, "column": 25 }
          },
          "loc": {
            "start": { "line": 34, "column": 33 },
            "end": { "line": 37, "column": 3 }
          },
          "line": 34
        },
        "10": {
          "name": "(anonymous_10)",
          "decl": {
            "start": { "line": 41, "column": 15 },
            "end": { "line": 41, "column": 16 }
          },
          "loc": {
            "start": { "line": 41, "column": 33 },
            "end": { "line": 112, "column": 3 }
          },
          "line": 41
        },
        "11": {
          "name": "(anonymous_11)",
          "decl": {
            "start": { "line": 42, "column": 15 },
            "end": { "line": 42, "column": 16 }
          },
          "loc": {
            "start": { "line": 42, "column": 21 },
            "end": { "line": 57, "column": 5 }
          },
          "line": 42
        },
        "12": {
          "name": "(anonymous_12)",
          "decl": {
            "start": { "line": 64, "column": 38 },
            "end": { "line": 64, "column": 39 }
          },
          "loc": {
            "start": { "line": 64, "column": 43 },
            "end": { "line": 64, "column": 52 }
          },
          "line": 64
        },
        "13": {
          "name": "(anonymous_13)",
          "decl": {
            "start": { "line": 67, "column": 26 },
            "end": { "line": 67, "column": 27 }
          },
          "loc": {
            "start": { "line": 67, "column": 38 },
            "end": { "line": 75, "column": 5 }
          },
          "line": 67
        },
        "14": {
          "name": "(anonymous_14)",
          "decl": {
            "start": { "line": 70, "column": 40 },
            "end": { "line": 70, "column": 41 }
          },
          "loc": {
            "start": { "line": 70, "column": 45 },
            "end": { "line": 70, "column": 83 }
          },
          "line": 70
        },
        "15": {
          "name": "(anonymous_15)",
          "decl": {
            "start": { "line": 78, "column": 26 },
            "end": { "line": 78, "column": 27 }
          },
          "loc": {
            "start": { "line": 78, "column": 32 },
            "end": { "line": 100, "column": 7 }
          },
          "line": 78
        },
        "16": {
          "name": "(anonymous_16)",
          "decl": {
            "start": { "line": 81, "column": 17 },
            "end": { "line": 81, "column": 18 }
          },
          "loc": {
            "start": { "line": 81, "column": 24 },
            "end": { "line": 83, "column": 11 }
          },
          "line": 81
        },
        "17": {
          "name": "(anonymous_17)",
          "decl": {
            "start": { "line": 85, "column": 15 },
            "end": { "line": 85, "column": 16 }
          },
          "loc": {
            "start": { "line": 85, "column": 22 },
            "end": { "line": 99, "column": 9 }
          },
          "line": 85
        },
        "18": {
          "name": "(anonymous_18)",
          "decl": {
            "start": { "line": 86, "column": 24 },
            "end": { "line": 86, "column": 25 }
          },
          "loc": {
            "start": { "line": 86, "column": 34 },
            "end": { "line": 88, "column": 11 }
          },
          "line": 86
        },
        "19": {
          "name": "(anonymous_19)",
          "decl": {
            "start": { "line": 89, "column": 25 },
            "end": { "line": 89, "column": 26 }
          },
          "loc": {
            "start": { "line": 89, "column": 36 },
            "end": { "line": 91, "column": 11 }
          },
          "line": 89
        },
        "20": {
          "name": "(anonymous_20)",
          "decl": {
            "start": { "line": 92, "column": 27 },
            "end": { "line": 92, "column": 28 }
          },
          "loc": {
            "start": { "line": 92, "column": 48 },
            "end": { "line": 97, "column": 11 }
          },
          "line": 92
        },
        "21": {
          "name": "(anonymous_21)",
          "decl": {
            "start": { "line": 93, "column": 29 },
            "end": { "line": 93, "column": 30 }
          },
          "loc": {
            "start": { "line": 93, "column": 41 },
            "end": { "line": 95, "column": 13 }
          },
          "line": 93
        },
        "22": {
          "name": "(anonymous_22)",
          "decl": {
            "start": { "line": 102, "column": 52 },
            "end": { "line": 102, "column": 53 }
          },
          "loc": {
            "start": { "line": 102, "column": 57 },
            "end": { "line": 102, "column": 80 }
          },
          "line": 102
        },
        "23": {
          "name": "(anonymous_23)",
          "decl": {
            "start": { "line": 115, "column": 24 },
            "end": { "line": 115, "column": 25 }
          },
          "loc": {
            "start": { "line": 115, "column": 42 },
            "end": { "line": 115, "column": 56 }
          },
          "line": 115
        }
      },
      "branchMap": {
        "0": {
          "loc": {
            "start": { "line": 4, "column": 24 },
            "end": { "line": 4, "column": 31 }
          },
          "type": "default-arg",
          "locations": [
            {
              "start": { "line": 4, "column": 28 },
              "end": { "line": 4, "column": 31 }
            }
          ],
          "line": 4
        },
        "1": {
          "loc": {
            "start": { "line": 5, "column": 27 },
            "end": { "line": 5, "column": 34 }
          },
          "type": "default-arg",
          "locations": [
            {
              "start": { "line": 5, "column": 31 },
              "end": { "line": 5, "column": 34 }
            }
          ],
          "line": 5
        },
        "2": {
          "loc": {
            "start": { "line": 10, "column": 2 },
            "end": { "line": 10, "column": 52 }
          },
          "type": "cond-expr",
          "locations": [
            {
              "start": { "line": 10, "column": 22 },
              "end": { "line": 10, "column": 25 }
            },
            {
              "start": { "line": 10, "column": 28 },
              "end": { "line": 10, "column": 52 }
            }
          ],
          "line": 10
        },
        "3": {
          "loc": {
            "start": { "line": 13, "column": 24 },
            "end": { "line": 13, "column": 45 }
          },
          "type": "default-arg",
          "locations": [
            {
              "start": { "line": 13, "column": 29 },
              "end": { "line": 13, "column": 45 }
            }
          ],
          "line": 13
        },
        "4": {
          "loc": {
            "start": { "line": 15, "column": 44 },
            "end": { "line": 15, "column": 80 }
          },
          "type": "cond-expr",
          "locations": [
            {
              "start": { "line": 15, "column": 50 },
              "end": { "line": 15, "column": 61 }
            },
            {
              "start": { "line": 15, "column": 64 },
              "end": { "line": 15, "column": 80 }
            }
          ],
          "line": 15
        },
        "5": {
          "loc": {
            "start": { "line": 16, "column": 53 },
            "end": { "line": 16, "column": 67 }
          },
          "type": "binary-expr",
          "locations": [
            {
              "start": { "line": 16, "column": 53 },
              "end": { "line": 16, "column": 56 }
            },
            {
              "start": { "line": 16, "column": 60 },
              "end": { "line": 16, "column": 67 }
            }
          ],
          "line": 16
        },
        "6": {
          "loc": {
            "start": { "line": 23, "column": 2 },
            "end": { "line": 25, "column": 3 }
          },
          "type": "if",
          "locations": [
            {
              "start": { "line": 23, "column": 2 },
              "end": { "line": 25, "column": 3 }
            },
            {
              "start": { "line": 23, "column": 2 },
              "end": { "line": 25, "column": 3 }
            }
          ],
          "line": 23
        },
        "7": {
          "loc": {
            "start": { "line": 23, "column": 6 },
            "end": { "line": 23, "column": 58 }
          },
          "type": "binary-expr",
          "locations": [
            {
              "start": { "line": 23, "column": 6 },
              "end": { "line": 23, "column": 27 }
            },
            {
              "start": { "line": 23, "column": 31 },
              "end": { "line": 23, "column": 58 }
            }
          ],
          "line": 23
        },
        "8": {
          "loc": {
            "start": { "line": 36, "column": 11 },
            "end": { "line": 36, "column": 48 }
          },
          "type": "cond-expr",
          "locations": [
            {
              "start": { "line": 36, "column": 24 },
              "end": { "line": 36, "column": 39 }
            },
            {
              "start": { "line": 36, "column": 42 },
              "end": { "line": 36, "column": 48 }
            }
          ],
          "line": 36
        },
        "9": {
          "loc": {
            "start": { "line": 39, "column": 7 },
            "end": { "line": 39, "column": 18 }
          },
          "type": "default-arg",
          "locations": [
            {
              "start": { "line": 39, "column": 16 },
              "end": { "line": 39, "column": 18 }
            }
          ],
          "line": 39
        },
        "10": {
          "loc": {
            "start": { "line": 39, "column": 20 },
            "end": { "line": 39, "column": 33 }
          },
          "type": "default-arg",
          "locations": [
            {
              "start": { "line": 39, "column": 31 },
              "end": { "line": 39, "column": 33 }
            }
          ],
          "line": 39
        },
        "11": {
          "loc": {
            "start": { "line": 43, "column": 6 },
            "end": { "line": 51, "column": 7 }
          },
          "type": "if",
          "locations": [
            {
              "start": { "line": 43, "column": 6 },
              "end": { "line": 51, "column": 7 }
            },
            {
              "start": { "line": 43, "column": 6 },
              "end": { "line": 51, "column": 7 }
            }
          ],
          "line": 43
        },
        "12": {
          "loc": {
            "start": { "line": 47, "column": 17 },
            "end": { "line": 47, "column": 61 }
          },
          "type": "cond-expr",
          "locations": [
            {
              "start": { "line": 47, "column": 31 },
              "end": { "line": 47, "column": 52 }
            },
            {
              "start": { "line": 47, "column": 55 },
              "end": { "line": 47, "column": 61 }
            }
          ],
          "line": 47
        },
        "13": {
          "loc": {
            "start": { "line": 59, "column": 4 },
            "end": { "line": 61, "column": 5 }
          },
          "type": "if",
          "locations": [
            {
              "start": { "line": 59, "column": 4 },
              "end": { "line": 61, "column": 5 }
            },
            {
              "start": { "line": 59, "column": 4 },
              "end": { "line": 61, "column": 5 }
            }
          ],
          "line": 59
        },
        "14": {
          "loc": {
            "start": { "line": 77, "column": 4 },
            "end": { "line": 110, "column": 5 }
          },
          "type": "if",
          "locations": [
            {
              "start": { "line": 77, "column": 4 },
              "end": { "line": 110, "column": 5 }
            },
            {
              "start": { "line": 77, "column": 4 },
              "end": { "line": 110, "column": 5 }
            }
          ],
          "line": 77
        },
        "15": {
          "loc": {
            "start": { "line": 80, "column": 8 },
            "end": { "line": 84, "column": 9 }
          },
          "type": "if",
          "locations": [
            {
              "start": { "line": 80, "column": 8 },
              "end": { "line": 84, "column": 9 }
            },
            {
              "start": { "line": 80, "column": 8 },
              "end": { "line": 84, "column": 9 }
            }
          ],
          "line": 80
        },
        "16": {
          "loc": {
            "start": { "line": 102, "column": 23 },
            "end": { "line": 102, "column": 80 }
          },
          "type": "cond-expr",
          "locations": [
            {
              "start": { "line": 102, "column": 34 },
              "end": { "line": 102, "column": 49 }
            },
            {
              "start": { "line": 102, "column": 52 },
              "end": { "line": 102, "column": 80 }
            }
          ],
          "line": 102
        },
        "17": {
          "loc": {
            "start": { "line": 109, "column": 13 },
            "end": { "line": 109, "column": 72 }
          },
          "type": "cond-expr",
          "locations": [
            {
              "start": { "line": 109, "column": 27 },
              "end": { "line": 109, "column": 42 }
            },
            {
              "start": { "line": 109, "column": 45 },
              "end": { "line": 109, "column": 72 }
            }
          ],
          "line": 109
        },
        "18": {
          "loc": {
            "start": { "line": 114, "column": 2 },
            "end": { "line": 117, "column": 3 }
          },
          "type": "if",
          "locations": [
            {
              "start": { "line": 114, "column": 2 },
              "end": { "line": 117, "column": 3 }
            },
            {
              "start": { "line": 114, "column": 2 },
              "end": { "line": 117, "column": 3 }
            }
          ],
          "line": 114
        },
        "19": {
          "loc": {
            "start": { "line": 115, "column": 13 },
            "end": { "line": 115, "column": 57 }
          },
          "type": "binary-expr",
          "locations": [
            {
              "start": { "line": 115, "column": 13 },
              "end": { "line": 115, "column": 19 }
            },
            {
              "start": { "line": 115, "column": 24 },
              "end": { "line": 115, "column": 56 }
            }
          ],
          "line": 115
        },
        "20": {
          "loc": {
            "start": { "line": 115, "column": 42 },
            "end": { "line": 115, "column": 56 }
          },
          "type": "binary-expr",
          "locations": [
            {
              "start": { "line": 115, "column": 42 },
              "end": { "line": 115, "column": 45 }
            },
            {
              "start": { "line": 115, "column": 49 },
              "end": { "line": 115, "column": 56 }
            }
          ],
          "line": 115
        }
      },
      "s": {
        "0": 1,
        "1": 1,
        "2": 21,
        "3": 1,
        "4": 3,
        "5": 1,
        "6": 2,
        "7": 1,
        "8": 6,
        "9": 6,
        "10": 4,
        "11": 6,
        "12": 0,
        "13": 6,
        "14": 6,
        "15": 1,
        "16": 18,
        "17": 3,
        "18": 15,
        "19": 13,
        "20": 13,
        "21": 15,
        "22": 7,
        "23": 6,
        "24": 15,
        "25": 15,
        "26": 15,
        "27": 15,
        "28": 13,
        "29": 13,
        "30": 10,
        "31": 6,
        "32": 7,
        "33": 2,
        "34": 2,
        "35": 1,
        "36": 15,
        "37": 0,
        "38": 15,
        "39": 15,
        "40": 18,
        "41": 15,
        "42": 15,
        "43": 6,
        "44": 6,
        "45": 6,
        "46": 6,
        "47": 0,
        "48": 6,
        "49": 15,
        "50": 6,
        "51": 2,
        "52": 2,
        "53": 2,
        "54": 2,
        "55": 0,
        "56": 0,
        "57": 0,
        "58": 0,
        "59": 0,
        "60": 0,
        "61": 0,
        "62": 0,
        "63": 0,
        "64": 0,
        "65": 6,
        "66": 4,
        "67": 6,
        "68": 6,
        "69": 6,
        "70": 9,
        "71": 15,
        "72": 3,
        "73": 2,
        "74": 3,
        "75": 12,
        "76": 12
      },
      "f": {
        "0": 21,
        "1": 3,
        "2": 2,
        "3": 6,
        "4": 6,
        "5": 4,
        "6": 0,
        "7": 18,
        "8": 13,
        "9": 7,
        "10": 15,
        "11": 15,
        "12": 18,
        "13": 6,
        "14": 6,
        "15": 2,
        "16": 2,
        "17": 0,
        "18": 0,
        "19": 0,
        "20": 0,
        "21": 0,
        "22": 4,
        "23": 2
      },
      "b": {
        "0": [0],
        "1": [1],
        "2": [0, 2],
        "3": [6],
        "4": [0, 4],
        "5": [0, 0],
        "6": [3, 15],
        "7": [18, 17],
        "8": [5, 1],
        "9": [0],
        "10": [9],
        "11": [13, 2],
        "12": [5, 1],
        "13": [0, 15],
        "14": [6, 9],
        "15": [2, 0],
        "16": [2, 4],
        "17": [5, 1],
        "18": [3, 12],
        "19": [3, 2],
        "20": [2, 1]
      },
      "_coverageSchema": "1a1c01bbd47fc00a2c39e90264f33305004495a9",
      "hash": "57dc41ae870c1851fb26cf7adbe00b7525c3f0c0"
    }
  }
}
