TN:
SF:jessica.js
FN:4,(anonymous_0)
FN:5,(anonymous_1)
FN:9,(anonymous_2)
FN:10,(anonymous_3)
FN:11,(anonymous_4)
FN:12,(anonymous_5)
FN:13,(anonymous_6)
FN:19,(anonymous_7)
FN:27,(anonymous_8)
FN:32,(anonymous_9)
FN:39,(anonymous_10)
FN:40,(anonymous_11)
FN:61,(anonymous_12)
FN:64,(anonymous_13)
FN:67,(anonymous_14)
FN:77,(anonymous_15)
FN:80,(anonymous_16)
FN:84,(anonymous_17)
FN:85,(anonymous_18)
FN:88,(anonymous_19)
FN:91,(anonymous_20)
FN:92,(anonymous_21)
FN:101,(anonymous_22)
FN:111,(anonymous_23)
FNF:24
FNH:18
FNDA:21,(anonymous_0)
FNDA:3,(anonymous_1)
FNDA:2,(anonymous_2)
FNDA:6,(anonymous_3)
FNDA:6,(anonymous_4)
FNDA:5,(anonymous_5)
FNDA:0,(anonymous_6)
FNDA:18,(anonymous_7)
FNDA:13,(anonymous_8)
FNDA:9,(anonymous_9)
FNDA:15,(anonymous_10)
FNDA:15,(anonymous_11)
FNDA:18,(anonymous_12)
FNDA:6,(anonymous_13)
FNDA:6,(anonymous_14)
FNDA:2,(anonymous_15)
FNDA:2,(anonymous_16)
FNDA:0,(anonymous_17)
FNDA:0,(anonymous_18)
FNDA:0,(anonymous_19)
FNDA:0,(anonymous_20)
FNDA:0,(anonymous_21)
FNDA:4,(anonymous_22)
FNDA:2,(anonymous_23)
DA:1,1
DA:4,21
DA:5,1
DA:6,3
DA:9,2
DA:10,1
DA:11,6
DA:12,6
DA:13,6
DA:14,6
DA:16,6
DA:19,1
DA:20,18
DA:21,3
DA:27,15
DA:28,13
DA:29,13
DA:32,15
DA:33,9
DA:34,6
DA:37,15
DA:39,15
DA:40,15
DA:41,15
DA:42,13
DA:43,13
DA:44,10
DA:45,4
DA:47,9
DA:50,2
DA:51,2
DA:53,1
DA:56,15
DA:57,0
DA:60,15
DA:61,18
DA:62,15
DA:64,15
DA:65,6
DA:66,6
DA:67,6
DA:68,6
DA:71,0
DA:73,6
DA:76,15
DA:77,6
DA:78,2
DA:79,2
DA:80,2
DA:81,2
DA:84,0
DA:85,0
DA:86,0
DA:88,0
DA:89,0
DA:91,0
DA:92,0
DA:93,0
DA:95,0
DA:97,0
DA:101,6
DA:102,6
DA:103,6
DA:105,6
DA:107,9
DA:110,15
DA:111,3
DA:112,3
DA:114,12
DA:115,12
LF:70
LH:58
BRDA:4,0,0,0
BRDA:5,1,0,1
BRDA:9,2,0,0
BRDA:9,2,1,2
BRDA:10,3,0,6
BRDA:12,4,0,0
BRDA:12,4,1,5
BRDA:13,5,0,0
BRDA:13,5,1,0
BRDA:20,6,0,3
BRDA:20,6,1,15
BRDA:20,7,0,18
BRDA:20,7,1,17
BRDA:34,8,0,5
BRDA:34,8,1,1
BRDA:37,9,0,0
BRDA:37,10,0,9
BRDA:41,11,0,13
BRDA:41,11,1,2
BRDA:45,12,0,3
BRDA:45,12,1,1
BRDA:56,13,0,0
BRDA:56,13,1,15
BRDA:76,14,0,6
BRDA:76,14,1,9
BRDA:79,15,0,2
BRDA:79,15,1,0
BRDA:101,16,0,2
BRDA:101,16,1,4
BRDA:105,17,0,5
BRDA:105,17,1,1
BRDA:110,18,0,3
BRDA:110,18,1,12
BRDA:111,19,0,3
BRDA:111,19,1,2
BRDA:111,20,0,2
BRDA:111,20,1,1
BRF:37
BRH:29
end_of_record
