TN:
SF:jessica.js
FN:4,(anonymous_0)
FN:5,(anonymous_1)
FN:9,(anonymous_2)
FN:13,(anonymous_3)
FN:14,(anonymous_4)
FN:15,(anonymous_5)
FN:16,(anonymous_6)
FN:22,(anonymous_7)
FN:29,(anonymous_8)
FN:34,(anonymous_9)
FN:41,(anonymous_10)
FN:42,(anonymous_11)
FN:64,(anonymous_12)
FN:67,(anonymous_13)
FN:70,(anonymous_14)
FN:78,(anonymous_15)
FN:81,(anonymous_16)
FN:85,(anonymous_17)
FN:86,(anonymous_18)
FN:89,(anonymous_19)
FN:92,(anonymous_20)
FN:93,(anonymous_21)
FN:102,(anonymous_22)
FN:115,(anonymous_23)
FNF:24
FNH:18
FNDA:21,(anonymous_0)
FNDA:3,(anonymous_1)
FNDA:2,(anonymous_2)
FNDA:6,(anonymous_3)
FNDA:6,(anonymous_4)
FNDA:4,(anonymous_5)
FNDA:0,(anonymous_6)
FNDA:18,(anonymous_7)
FNDA:13,(anonymous_8)
FNDA:7,(anonymous_9)
FNDA:15,(anonymous_10)
FNDA:15,(anonymous_11)
FNDA:18,(anonymous_12)
FNDA:6,(anonymous_13)
FNDA:6,(anonymous_14)
FNDA:2,(anonymous_15)
FNDA:2,(anonymous_16)
FNDA:0,(anonymous_17)
FNDA:0,(anonymous_18)
FNDA:0,(anonymous_19)
FNDA:0,(anonymous_20)
FNDA:0,(anonymous_21)
FNDA:4,(anonymous_22)
FNDA:2,(anonymous_23)
DA:1,1
DA:4,21
DA:5,1
DA:6,3
DA:9,1
DA:10,2
DA:13,1
DA:14,6
DA:15,6
DA:16,6
DA:17,6
DA:19,6
DA:22,1
DA:23,18
DA:24,3
DA:29,15
DA:30,13
DA:31,13
DA:34,15
DA:35,7
DA:36,6
DA:39,15
DA:41,15
DA:42,15
DA:43,15
DA:44,13
DA:45,13
DA:46,10
DA:47,6
DA:49,7
DA:52,2
DA:53,2
DA:55,1
DA:59,15
DA:60,0
DA:63,15
DA:64,18
DA:65,15
DA:67,15
DA:68,6
DA:69,6
DA:70,6
DA:72,0
DA:74,6
DA:77,15
DA:78,6
DA:79,2
DA:80,2
DA:81,2
DA:82,2
DA:85,0
DA:86,0
DA:87,0
DA:89,0
DA:90,0
DA:92,0
DA:93,0
DA:94,0
DA:96,0
DA:98,0
DA:102,6
DA:104,6
DA:106,6
DA:109,6
DA:111,9
DA:114,15
DA:115,3
DA:116,3
DA:118,12
DA:119,12
LF:70
LH:58
BRDA:4,0,0,0
BRDA:5,1,0,1
BRDA:10,2,0,0
BRDA:10,2,1,2
BRDA:13,3,0,6
BRDA:15,4,0,0
BRDA:15,4,1,4
BRDA:16,5,0,0
BRDA:16,5,1,0
BRDA:23,6,0,3
BRDA:23,6,1,15
BRDA:23,7,0,18
BRDA:23,7,1,17
BRDA:36,8,0,5
BRDA:36,8,1,1
BRDA:39,9,0,0
BRDA:39,10,0,9
BRDA:43,11,0,13
BRDA:43,11,1,2
BRDA:47,12,0,5
BRDA:47,12,1,1
BRDA:59,13,0,0
BRDA:59,13,1,15
BRDA:77,14,0,6
BRDA:77,14,1,9
BRDA:80,15,0,2
BRDA:80,15,1,0
BRDA:102,16,0,2
BRDA:102,16,1,4
BRDA:109,17,0,5
BRDA:109,17,1,1
BRDA:114,18,0,3
BRDA:114,18,1,12
BRDA:115,19,0,3
BRDA:115,19,1,2
BRDA:115,20,0,2
BRDA:115,20,1,1
BRF:37
BRH:29
end_of_record
